<?xml version="1.0" encoding="UTF-8"?>
<!-- Generated by org.testng.reporters.JUnitReportReporter -->
<testsuite hostname="WINDOWS-FS392AK" failures="0" tests="1" name="com.demoqa.tests.bookStore.LoginTests" time="12.061" errors="0" timestamp="2024-12-09T22:38:33 CET" skipped="0">
  <testcase classname="com.demoqa.tests.bookStore.LoginTests" name="LoginPositiveTest" time="12.061"/>
</testsuite> <!-- com.demoqa.tests.bookStore.LoginTests -->
